android/app/build/intermediates/manifest_merge_blame_file/release/manifest-merger-blame-release-report.txt
1<?xml version="1.0" encoding="utf-8"?>
2<manifest xmlns:android="http://schemas.android.com/apk/res/android"
3    package="com.profitai"
4    android:versionCode="1"
5    android:versionName="1.0" >
6
7    <uses-sdk
8        android:minSdkVersion="21"
8-->src/main/AndroidManifest.xml
9        android:targetSdkVersion="33" />
9-->src/main/AndroidManifest.xml
10
11    <uses-permission android:name="android.permission.INTERNET" />
11-->src/main/AndroidManifest.xml:3:5-67
11-->src/main/AndroidManifest.xml:3:22-64
12    <uses-permission android:name="android.permission.CAMERA" />
12-->src/main/AndroidManifest.xml:4:5-65
12-->src/main/AndroidManifest.xml:4:22-62
13    <uses-permission android:name="android.permission.WRITE_EXTERNAL_STORAGE" />
13-->src/main/AndroidManifest.xml:5:5-80
13-->src/main/AndroidManifest.xml:5:22-78
14
15    <permission
15-->[androidx.core:core:1.9.0] AndroidManifest.xml:22:5-24:47
16        android:name="com.profitai.DYNAMIC_RECEIVER_NOT_EXPORTED_PERMISSION"
16-->[androidx.core:core:1.9.0] AndroidManifest.xml:23:9-81
17        android:protectionLevel="signature" />
17-->[androidx.core:core:1.9.0] AndroidManifest.xml:24:9-44
18
19    <uses-permission android:name="com.profitai.DYNAMIC_RECEIVER_NOT_EXPORTED_PERMISSION" />
19-->[androidx.core:core:1.9.0] AndroidManifest.xml:26:5-97
19-->[androidx.core:core:1.9.0] AndroidManifest.xml:26:22-94
20
21    <application
21-->src/main/AndroidManifest.xml:7:5-28:19
22        android:name="com.profitai.MainApplication"
22-->src/main/AndroidManifest.xml:8:7-38
23        android:allowBackup="false"
23-->src/main/AndroidManifest.xml:12:7-34
24        android:appComponentFactory="androidx.core.app.CoreComponentFactory"
24-->[androidx.core:core:1.9.0] AndroidManifest.xml:28:18-86
25        android:icon="@mipmap/ic_launcher"
25-->src/main/AndroidManifest.xml:10:7-41
26        android:label="@string/app_name"
26-->src/main/AndroidManifest.xml:9:7-39
27        android:networkSecurityConfig="@xml/network_security_config"
27-->src/main/AndroidManifest.xml:15:7-67
28        android:roundIcon="@mipmap/ic_launcher_round"
28-->src/main/AndroidManifest.xml:11:7-52
29        android:theme="@style/AppTheme"
29-->src/main/AndroidManifest.xml:13:7-38
30        android:usesCleartextTraffic="true" >
30-->src/main/AndroidManifest.xml:14:7-42
31        <activity
31-->src/main/AndroidManifest.xml:16:7-27:18
32            android:name="com.profitai.MainActivity"
32-->src/main/AndroidManifest.xml:17:9-37
33            android:configChanges="keyboard|keyboardHidden|orientation|screenLayout|screenSize|smallestScreenSize|uiMode"
33-->src/main/AndroidManifest.xml:19:9-118
34            android:exported="true"
34-->src/main/AndroidManifest.xml:22:9-32
35            android:label="@string/app_name"
35-->src/main/AndroidManifest.xml:18:9-41
36            android:launchMode="singleTask"
36-->src/main/AndroidManifest.xml:20:9-40
37            android:windowSoftInputMode="adjustResize" >
37-->src/main/AndroidManifest.xml:21:9-51
38            <intent-filter>
38-->src/main/AndroidManifest.xml:23:9-26:25
39                <action android:name="android.intent.action.MAIN" />
39-->src/main/AndroidManifest.xml:24:13-65
39-->src/main/AndroidManifest.xml:24:21-62
40
41                <category android:name="android.intent.category.LAUNCHER" />
41-->src/main/AndroidManifest.xml:25:13-73
41-->src/main/AndroidManifest.xml:25:23-70
42            </intent-filter>
43        </activity>
44
45        <provider
45-->[:react-native-image-picker] AndroidManifest.xml:8:9-16:20
46            android:name="com.imagepicker.ImagePickerProvider"
46-->[:react-native-image-picker] AndroidManifest.xml:9:13-63
47            android:authorities="com.profitai.imagepickerprovider"
47-->[:react-native-image-picker] AndroidManifest.xml:10:13-71
48            android:exported="false"
48-->[:react-native-image-picker] AndroidManifest.xml:11:13-37
49            android:grantUriPermissions="true" >
49-->[:react-native-image-picker] AndroidManifest.xml:12:13-47
50            <meta-data
50-->[:react-native-image-picker] AndroidManifest.xml:13:13-15:70
51                android:name="android.support.FILE_PROVIDER_PATHS"
51-->[:react-native-image-picker] AndroidManifest.xml:14:17-67
52                android:resource="@xml/imagepicker_provider_paths" />
52-->[:react-native-image-picker] AndroidManifest.xml:15:17-67
53        </provider>
54        <provider
54-->[:react-native-share] AndroidManifest.xml:8:9-16:20
55            android:name="cl.json.RNShareFileProvider"
55-->[:react-native-share] AndroidManifest.xml:9:13-55
56            android:authorities="com.profitai.rnshare.fileprovider"
56-->[:react-native-share] AndroidManifest.xml:10:13-72
57            android:exported="false"
57-->[:react-native-share] AndroidManifest.xml:11:13-37
58            android:grantUriPermissions="true" >
58-->[:react-native-share] AndroidManifest.xml:12:13-47
59            <meta-data
59-->[:react-native-image-picker] AndroidManifest.xml:13:13-15:70
60                android:name="android.support.FILE_PROVIDER_PATHS"
60-->[:react-native-image-picker] AndroidManifest.xml:14:17-67
61                android:resource="@xml/share_download_paths" />
61-->[:react-native-image-picker] AndroidManifest.xml:15:17-67
62        </provider>
63        <provider
63-->[androidx.emoji2:emoji2:1.2.0] AndroidManifest.xml:24:9-32:20
64            android:name="androidx.startup.InitializationProvider"
64-->[androidx.emoji2:emoji2:1.2.0] AndroidManifest.xml:25:13-67
65            android:authorities="com.profitai.androidx-startup"
65-->[androidx.emoji2:emoji2:1.2.0] AndroidManifest.xml:26:13-68
66            android:exported="false" >
66-->[androidx.emoji2:emoji2:1.2.0] AndroidManifest.xml:27:13-37
67            <meta-data
67-->[androidx.emoji2:emoji2:1.2.0] AndroidManifest.xml:29:13-31:52
68                android:name="androidx.emoji2.text.EmojiCompatInitializer"
68-->[androidx.emoji2:emoji2:1.2.0] AndroidManifest.xml:30:17-75
69                android:value="androidx.startup" />
69-->[androidx.emoji2:emoji2:1.2.0] AndroidManifest.xml:31:17-49
70            <meta-data
70-->[androidx.lifecycle:lifecycle-process:2.4.1] AndroidManifest.xml:31:13-33:52
71                android:name="androidx.lifecycle.ProcessLifecycleInitializer"
71-->[androidx.lifecycle:lifecycle-process:2.4.1] AndroidManifest.xml:32:17-78
72                android:value="androidx.startup" />
72-->[androidx.lifecycle:lifecycle-process:2.4.1] AndroidManifest.xml:33:17-49
73        </provider>
74
75        <meta-data
75-->[com.facebook.soloader:soloader:0.10.5] AndroidManifest.xml:12:9-14:37
76            android:name="com.facebook.soloader.enabled"
76-->[com.facebook.soloader:soloader:0.10.5] AndroidManifest.xml:13:13-57
77            android:value="false" />
77-->[com.facebook.soloader:soloader:0.10.5] AndroidManifest.xml:14:13-34
78    </application>
79
80</manifest>